2015-08-19 09:46:00 [-][-][-][error][yii\console\Exception] exception 'yii\console\Exception' with message 'Migration failed. Directory specified in migrationPath doesn't exist.' in /home/sergey/public_html/git.tasks/vendor/yiisoft/yii2/console/controllers/BaseMigrateController.php:71
Stack trace:
#0 /home/sergey/public_html/git.tasks/vendor/yiisoft/yii2/console/controllers/MigrateController.php(93): yii\console\controllers\BaseMigrateController->beforeAction(Object(yii\base\InlineAction))
#1 /home/sergey/public_html/git.tasks/vendor/yiisoft/yii2/base/Controller.php(149): yii\console\controllers\MigrateController->beforeAction(Object(yii\base\InlineAction))
#2 /home/sergey/public_html/git.tasks/vendor/yiisoft/yii2/console/Controller.php(91): yii\base\Controller->runAction('up', Array)
#3 /home/sergey/public_html/git.tasks/vendor/yiisoft/yii2/base/Module.php(455): yii\console\Controller->runAction('up', Array)
#4 /home/sergey/public_html/git.tasks/vendor/yiisoft/yii2/console/Application.php(161): yii\base\Module->runAction('migrate/up', Array)
#5 /home/sergey/public_html/git.tasks/vendor/yiisoft/yii2/console/Application.php(137): yii\console\Application->runAction('migrate/up', Array)
#6 /home/sergey/public_html/git.tasks/vendor/yiisoft/yii2/base/Application.php(375): yii\console\Application->handleRequest(Object(yii\console\Request))
#7 /home/sergey/public_html/git.tasks/yii(32): yii\base\Application->run()
#8 {main}
2015-08-19 09:46:00 [-][-][-][info][application] $_SERVER = [
    'LC_PAPER' => 'ru_RU.UTF-8'
    'XDG_VTNR' => '7'
    'XDG_SESSION_ID' => 'c2'
    'LC_ADDRESS' => 'ru_RU.UTF-8'
    'LC_MONETARY' => 'ru_RU.UTF-8'
    'CLUTTER_IM_MODULE' => 'xim'
    'SELINUX_INIT' => 'YES'
    'XDG_GREETER_DATA_DIR' => '/var/lib/lightdm-data/sergey'
    'COMP_WORDBREAKS' => ' 	
\"\'><;|&(:'
    'SESSION' => 'ubuntu'
    'GIO_LAUNCHED_DESKTOP_FILE_PID' => '4356'
    'GPG_AGENT_INFO' => '/run/user/1000/keyring-7MnHjf/gpg:0:1'
    'SHELL' => '/bin/bash'
    'XDG_MENU_PREFIX' => 'gnome-'
    'TERM' => 'xterm-256color'
    'LC_NUMERIC' => 'ru_RU.UTF-8'
    'GNOME_KEYRING_CONTROL' => '/run/user/1000/keyring-7MnHjf'
    'UPSTART_SESSION' => 'unix:abstract=/com/ubuntu/upstart-session/1000/2315'
    'GTK_MODULES' => 'overlay-scrollbar:unity-gtk-module'
    'USER' => 'sergey'
    'LS_COLORS' => 'rs=0:di=01;34:ln=01;36:mh=00:pi=40;33:so=01;35:do=01;35:bd=40;33;01:cd=40;33;01:or=40;31;01:su=37;41:sg=30;43:ca=30;41:tw=30;42:ow=34;42:st=37;44:ex=01;32:*.tar=01;31:*.tgz=01;31:*.arj=01;31:*.taz=01;31:*.lzh=01;31:*.lzma=01;31:*.tlz=01;31:*.txz=01;31:*.zip=01;31:*.z=01;31:*.Z=01;31:*.dz=01;31:*.gz=01;31:*.lz=01;31:*.xz=01;31:*.bz2=01;31:*.bz=01;31:*.tbz=01;31:*.tbz2=01;31:*.tz=01;31:*.deb=01;31:*.rpm=01;31:*.jar=01;31:*.war=01;31:*.ear=01;31:*.sar=01;31:*.rar=01;31:*.ace=01;31:*.zoo=01;31:*.cpio=01;31:*.7z=01;31:*.rz=01;31:*.jpg=01;35:*.jpeg=01;35:*.gif=01;35:*.bmp=01;35:*.pbm=01;35:*.pgm=01;35:*.ppm=01;35:*.tga=01;35:*.xbm=01;35:*.xpm=01;35:*.tif=01;35:*.tiff=01;35:*.png=01;35:*.svg=01;35:*.svgz=01;35:*.mng=01;35:*.pcx=01;35:*.mov=01;35:*.mpg=01;35:*.mpeg=01;35:*.m2v=01;35:*.mkv=01;35:*.webm=01;35:*.ogm=01;35:*.mp4=01;35:*.m4v=01;35:*.mp4v=01;35:*.vob=01;35:*.qt=01;35:*.nuv=01;35:*.wmv=01;35:*.asf=01;35:*.rm=01;35:*.rmvb=01;35:*.flc=01;35:*.avi=01;35:*.fli=01;35:*.flv=01;35:*.gl=01;35:*.dl=01;35:*.xcf=01;35:*.xwd=01;35:*.yuv=01;35:*.cgm=01;35:*.emf=01;35:*.axv=01;35:*.anx=01;35:*.ogv=01;35:*.ogx=01;35:*.aac=00;36:*.au=00;36:*.flac=00;36:*.mid=00;36:*.midi=00;36:*.mka=00;36:*.mp3=00;36:*.mpc=00;36:*.ogg=00;36:*.ra=00;36:*.wav=00;36:*.axa=00;36:*.oga=00;36:*.spx=00;36:*.xspf=00;36:'
    'LD_LIBRARY_PATH' => '/home/sergey/phpStorm8/bin:'
    'LC_TELEPHONE' => 'ru_RU.UTF-8'
    'XDG_SESSION_PATH' => '/org/freedesktop/DisplayManager/Session0'
    'XDG_SEAT_PATH' => '/org/freedesktop/DisplayManager/Seat0'
    'SSH_AUTH_SOCK' => '/run/user/1000/keyring-7MnHjf/ssh'
    'DEFAULTS_PATH' => '/usr/share/gconf/ubuntu.default.path'
    'SESSION_MANAGER' => 'local/crow:@/tmp/.ICE-unix/2474,unix/crow:/tmp/.ICE-unix/2474'
    'GIO_LAUNCHED_DESKTOP_FILE' => '/usr/share/applications/jetbrains-phpstorm.desktop'
    'XDG_CONFIG_DIRS' => '/etc/xdg/xdg-ubuntu:/usr/share/upstart/xdg:/etc/xdg'
    'DESKTOP_SESSION' => 'ubuntu'
    'PATH' => '/home/sergey/bin:/home/sergey/bin:/usr/local/sbin:/usr/local/bin:/usr/sbin:/usr/bin:/sbin:/bin:/usr/games:/usr/local/games'
    'QT_QPA_PLATFORMTHEME' => 'appmenu-qt5'
    'QT_IM_MODULE' => 'ibus'
    'LC_IDENTIFICATION' => 'ru_RU.UTF-8'
    'JOB' => 'dbus'
    'PWD' => '/home/sergey/public_html/git.tasks'
    'XMODIFIERS' => '@im=ibus'
    'LANG' => 'en_US.UTF-8'
    'GNOME_KEYRING_PID' => '2313'
    'GDM_LANG' => 'en_US'
    'MANDATORY_PATH' => '/usr/share/gconf/ubuntu.mandatory.path'
    'LC_MEASUREMENT' => 'ru_RU.UTF-8'
    'NODE_PATH' => '/usr/lib/nodejs:/usr/lib/node_modules:/usr/share/javascript'
    'COMPIZ_CONFIG_PROFILE' => 'ubuntu'
    'IM_CONFIG_PHASE' => '1'
    'GDMSESSION' => 'ubuntu'
    'SESSIONTYPE' => 'gnome-session'
    'HOME' => '/home/sergey'
    'SHLVL' => '1'
    'XDG_SEAT' => 'seat0'
    'LANGUAGE' => 'en_US'
    'GNOME_DESKTOP_SESSION_ID' => 'this-is-deprecated'
    'LOGNAME' => 'sergey'
    'COMPIZ_BIN_PATH' => '/usr/bin/'
    'QT4_IM_MODULE' => 'xim'
    'CLASSPATH' => '/home/sergey/phpStorm8/bin/../lib/bootstrap.jar:/home/sergey/phpStorm8/bin/../lib/extensions.jar:/home/sergey/phpStorm8/bin/../lib/util.jar:/home/sergey/phpStorm8/bin/../lib/jdom.jar:/home/sergey/phpStorm8/bin/../lib/log4j.jar:/home/sergey/phpStorm8/bin/../lib/trove4j.jar:/home/sergey/phpStorm8/bin/../lib/jna.jar'
    'DBUS_SESSION_BUS_ADDRESS' => 'unix:abstract=/tmp/dbus-rq4R4XI8Jb'
    'XDG_DATA_DIRS' => '/usr/share/ubuntu:/usr/share/gnome:/usr/local/share/:/usr/share/'
    'GOPATH' => '/home/sergey/go'
    'LESSOPEN' => '| /usr/bin/lesspipe %s'
    'INSTANCE' => ''
    'TEXTDOMAIN' => 'im-config'
    'XDG_RUNTIME_DIR' => '/run/user/1000'
    'DISPLAY' => ':0'
    'XDG_CURRENT_DESKTOP' => 'Unity'
    'GTK_IM_MODULE' => 'ibus'
    'LESSCLOSE' => '/usr/bin/lesspipe %s %s'
    'LC_TIME' => 'ru_RU.UTF-8'
    'TEXTDOMAINDIR' => '/usr/share/locale/'
    'LC_NAME' => 'ru_RU.UTF-8'
    'XAUTHORITY' => '/home/sergey/.Xauthority'
    '_' => '/usr/bin/php'
    'PHP_SELF' => 'yii'
    'SCRIPT_NAME' => 'yii'
    'SCRIPT_FILENAME' => 'yii'
    'PATH_TRANSLATED' => 'yii'
    'DOCUMENT_ROOT' => ''
    'REQUEST_TIME_FLOAT' => 1439977560.5574
    'REQUEST_TIME' => 1439977560
    'argv' => [
        0 => 'yii'
        1 => 'migrate/up'
    ]
    'argc' => 2
]
2015-08-19 09:48:51 [-][-][-][error][yii\console\Exception] exception 'yii\console\Exception' with message 'Migration failed. Directory specified in migrationPath doesn't exist.' in /home/sergey/public_html/git.tasks/vendor/yiisoft/yii2/console/controllers/BaseMigrateController.php:71
Stack trace:
#0 /home/sergey/public_html/git.tasks/vendor/yiisoft/yii2/console/controllers/MigrateController.php(93): yii\console\controllers\BaseMigrateController->beforeAction(Object(yii\base\InlineAction))
#1 /home/sergey/public_html/git.tasks/vendor/yiisoft/yii2/base/Controller.php(149): yii\console\controllers\MigrateController->beforeAction(Object(yii\base\InlineAction))
#2 /home/sergey/public_html/git.tasks/vendor/yiisoft/yii2/console/Controller.php(91): yii\base\Controller->runAction('up', Array)
#3 /home/sergey/public_html/git.tasks/vendor/yiisoft/yii2/base/Module.php(455): yii\console\Controller->runAction('up', Array)
#4 /home/sergey/public_html/git.tasks/vendor/yiisoft/yii2/console/Application.php(161): yii\base\Module->runAction('migrate/up', Array)
#5 /home/sergey/public_html/git.tasks/vendor/yiisoft/yii2/console/Application.php(137): yii\console\Application->runAction('migrate/up', Array)
#6 /home/sergey/public_html/git.tasks/vendor/yiisoft/yii2/base/Application.php(375): yii\console\Application->handleRequest(Object(yii\console\Request))
#7 /home/sergey/public_html/git.tasks/yii(32): yii\base\Application->run()
#8 {main}
2015-08-19 09:48:51 [-][-][-][info][application] $_SERVER = [
    'LC_PAPER' => 'ru_RU.UTF-8'
    'XDG_VTNR' => '7'
    'XDG_SESSION_ID' => 'c2'
    'LC_ADDRESS' => 'ru_RU.UTF-8'
    'LC_MONETARY' => 'ru_RU.UTF-8'
    'CLUTTER_IM_MODULE' => 'xim'
    'SELINUX_INIT' => 'YES'
    'XDG_GREETER_DATA_DIR' => '/var/lib/lightdm-data/sergey'
    'COMP_WORDBREAKS' => ' 	
\"\'><;|&(:'
    'SESSION' => 'ubuntu'
    'GIO_LAUNCHED_DESKTOP_FILE_PID' => '4356'
    'GPG_AGENT_INFO' => '/run/user/1000/keyring-7MnHjf/gpg:0:1'
    'SHELL' => '/bin/bash'
    'XDG_MENU_PREFIX' => 'gnome-'
    'TERM' => 'xterm-256color'
    'LC_NUMERIC' => 'ru_RU.UTF-8'
    'GNOME_KEYRING_CONTROL' => '/run/user/1000/keyring-7MnHjf'
    'UPSTART_SESSION' => 'unix:abstract=/com/ubuntu/upstart-session/1000/2315'
    'GTK_MODULES' => 'overlay-scrollbar:unity-gtk-module'
    'USER' => 'sergey'
    'LS_COLORS' => 'rs=0:di=01;34:ln=01;36:mh=00:pi=40;33:so=01;35:do=01;35:bd=40;33;01:cd=40;33;01:or=40;31;01:su=37;41:sg=30;43:ca=30;41:tw=30;42:ow=34;42:st=37;44:ex=01;32:*.tar=01;31:*.tgz=01;31:*.arj=01;31:*.taz=01;31:*.lzh=01;31:*.lzma=01;31:*.tlz=01;31:*.txz=01;31:*.zip=01;31:*.z=01;31:*.Z=01;31:*.dz=01;31:*.gz=01;31:*.lz=01;31:*.xz=01;31:*.bz2=01;31:*.bz=01;31:*.tbz=01;31:*.tbz2=01;31:*.tz=01;31:*.deb=01;31:*.rpm=01;31:*.jar=01;31:*.war=01;31:*.ear=01;31:*.sar=01;31:*.rar=01;31:*.ace=01;31:*.zoo=01;31:*.cpio=01;31:*.7z=01;31:*.rz=01;31:*.jpg=01;35:*.jpeg=01;35:*.gif=01;35:*.bmp=01;35:*.pbm=01;35:*.pgm=01;35:*.ppm=01;35:*.tga=01;35:*.xbm=01;35:*.xpm=01;35:*.tif=01;35:*.tiff=01;35:*.png=01;35:*.svg=01;35:*.svgz=01;35:*.mng=01;35:*.pcx=01;35:*.mov=01;35:*.mpg=01;35:*.mpeg=01;35:*.m2v=01;35:*.mkv=01;35:*.webm=01;35:*.ogm=01;35:*.mp4=01;35:*.m4v=01;35:*.mp4v=01;35:*.vob=01;35:*.qt=01;35:*.nuv=01;35:*.wmv=01;35:*.asf=01;35:*.rm=01;35:*.rmvb=01;35:*.flc=01;35:*.avi=01;35:*.fli=01;35:*.flv=01;35:*.gl=01;35:*.dl=01;35:*.xcf=01;35:*.xwd=01;35:*.yuv=01;35:*.cgm=01;35:*.emf=01;35:*.axv=01;35:*.anx=01;35:*.ogv=01;35:*.ogx=01;35:*.aac=00;36:*.au=00;36:*.flac=00;36:*.mid=00;36:*.midi=00;36:*.mka=00;36:*.mp3=00;36:*.mpc=00;36:*.ogg=00;36:*.ra=00;36:*.wav=00;36:*.axa=00;36:*.oga=00;36:*.spx=00;36:*.xspf=00;36:'
    'LD_LIBRARY_PATH' => '/home/sergey/phpStorm8/bin:'
    'LC_TELEPHONE' => 'ru_RU.UTF-8'
    'XDG_SESSION_PATH' => '/org/freedesktop/DisplayManager/Session0'
    'XDG_SEAT_PATH' => '/org/freedesktop/DisplayManager/Seat0'
    'SSH_AUTH_SOCK' => '/run/user/1000/keyring-7MnHjf/ssh'
    'DEFAULTS_PATH' => '/usr/share/gconf/ubuntu.default.path'
    'SESSION_MANAGER' => 'local/crow:@/tmp/.ICE-unix/2474,unix/crow:/tmp/.ICE-unix/2474'
    'GIO_LAUNCHED_DESKTOP_FILE' => '/usr/share/applications/jetbrains-phpstorm.desktop'
    'XDG_CONFIG_DIRS' => '/etc/xdg/xdg-ubuntu:/usr/share/upstart/xdg:/etc/xdg'
    'DESKTOP_SESSION' => 'ubuntu'
    'PATH' => '/home/sergey/bin:/home/sergey/bin:/usr/local/sbin:/usr/local/bin:/usr/sbin:/usr/bin:/sbin:/bin:/usr/games:/usr/local/games'
    'QT_QPA_PLATFORMTHEME' => 'appmenu-qt5'
    'QT_IM_MODULE' => 'ibus'
    'LC_IDENTIFICATION' => 'ru_RU.UTF-8'
    'JOB' => 'dbus'
    'PWD' => '/home/sergey/public_html/git.tasks'
    'XMODIFIERS' => '@im=ibus'
    'LANG' => 'en_US.UTF-8'
    'GNOME_KEYRING_PID' => '2313'
    'GDM_LANG' => 'en_US'
    'MANDATORY_PATH' => '/usr/share/gconf/ubuntu.mandatory.path'
    'LC_MEASUREMENT' => 'ru_RU.UTF-8'
    'NODE_PATH' => '/usr/lib/nodejs:/usr/lib/node_modules:/usr/share/javascript'
    'COMPIZ_CONFIG_PROFILE' => 'ubuntu'
    'IM_CONFIG_PHASE' => '1'
    'GDMSESSION' => 'ubuntu'
    'SESSIONTYPE' => 'gnome-session'
    'HOME' => '/home/sergey'
    'SHLVL' => '1'
    'XDG_SEAT' => 'seat0'
    'LANGUAGE' => 'en_US'
    'GNOME_DESKTOP_SESSION_ID' => 'this-is-deprecated'
    'LOGNAME' => 'sergey'
    'COMPIZ_BIN_PATH' => '/usr/bin/'
    'QT4_IM_MODULE' => 'xim'
    'CLASSPATH' => '/home/sergey/phpStorm8/bin/../lib/bootstrap.jar:/home/sergey/phpStorm8/bin/../lib/extensions.jar:/home/sergey/phpStorm8/bin/../lib/util.jar:/home/sergey/phpStorm8/bin/../lib/jdom.jar:/home/sergey/phpStorm8/bin/../lib/log4j.jar:/home/sergey/phpStorm8/bin/../lib/trove4j.jar:/home/sergey/phpStorm8/bin/../lib/jna.jar'
    'DBUS_SESSION_BUS_ADDRESS' => 'unix:abstract=/tmp/dbus-rq4R4XI8Jb'
    'XDG_DATA_DIRS' => '/usr/share/ubuntu:/usr/share/gnome:/usr/local/share/:/usr/share/'
    'GOPATH' => '/home/sergey/go'
    'LESSOPEN' => '| /usr/bin/lesspipe %s'
    'INSTANCE' => ''
    'TEXTDOMAIN' => 'im-config'
    'XDG_RUNTIME_DIR' => '/run/user/1000'
    'DISPLAY' => ':0'
    'XDG_CURRENT_DESKTOP' => 'Unity'
    'GTK_IM_MODULE' => 'ibus'
    'LESSCLOSE' => '/usr/bin/lesspipe %s %s'
    'LC_TIME' => 'ru_RU.UTF-8'
    'TEXTDOMAINDIR' => '/usr/share/locale/'
    'LC_NAME' => 'ru_RU.UTF-8'
    'XAUTHORITY' => '/home/sergey/.Xauthority'
    '_' => '/usr/bin/php'
    'PHP_SELF' => 'yii'
    'SCRIPT_NAME' => 'yii'
    'SCRIPT_FILENAME' => 'yii'
    'PATH_TRANSLATED' => 'yii'
    'DOCUMENT_ROOT' => ''
    'REQUEST_TIME_FLOAT' => 1439977731.5694
    'REQUEST_TIME' => 1439977731
    'argv' => [
        0 => 'yii'
        1 => 'migrate/up'
    ]
    'argc' => 2
]
